<?xml version="1.0" encoding="UTF-8"?>
<!-- Generated by org.testng.reporters.JUnitReportReporter -->
<testsuite skipped="0" hostname="vananhto" name="test.day1" tests="2" failures="0" timestamp="18 Mar 2018 14:57:25 GMT" time="0.029" errors="0">
  <testcase name="Demo" time="0.021" classname="test.day1"/>
  <testcase name="Demo2" time="0.008" classname="test.day1"/>
</testsuite> <!-- test.day1 -->
