<?xml version="1.0" encoding="UTF-8"?>
<!-- Generated by org.testng.reporters.JUnitReportReporter -->
<testsuite skipped="0" hostname="vananhto" name="test.day2" tests="1" failures="0" timestamp="18 Mar 2018 14:57:25 GMT" time="0.009" errors="0">
  <testcase name="Demo" time="0.009" classname="test.day2"/>
</testsuite> <!-- test.day2 -->
